2016-02-11 01:42:06,484 [Worker-4] INFO  o.e.m.c.i.l.LifecycleMappingFactory - Using org.maven.ide.eclipse.wtp.WarLifecycleMapping lifecycle mapping for MavenProject: com.algaworks:cobranca:0.0.1-SNAPSHOT @ C:\Users\Marcos Ribeiro\Desktop\Spring1\cobranca\pom.xml.
2016-02-11 01:42:46,760 [Worker-4] INFO  o.e.m.c.i.embedder.EclipseLogger - Using 'UTF-8' encoding to copy filtered resources.
2016-02-11 01:42:46,916 [Worker-4] INFO  o.e.m.c.i.embedder.EclipseLogger - Copying 1 resource
2016-02-11 01:42:46,965 [Worker-4] INFO  o.e.m.c.i.embedder.EclipseLogger - Copying 12 resources
2016-02-11 01:42:47,162 [Worker-4] INFO  o.e.m.c.i.embedder.EclipseLogger - Using 'UTF-8' encoding to copy filtered resources.
2016-02-11 01:42:47,162 [Worker-4] INFO  o.e.m.c.i.embedder.EclipseLogger - skip non existing resourceDirectory C:\Users\Marcos Ribeiro\Desktop\Spring1\cobranca\src\test\resources
2016-02-11 01:43:51,708 [Worker-1] INFO  o.e.m.c.i.embedder.EclipseLogger - Using 'UTF-8' encoding to copy filtered resources.
2016-02-11 01:43:51,741 [Worker-1] INFO  o.e.m.c.i.embedder.EclipseLogger - Copying 1 resource
2016-02-11 01:43:51,838 [Worker-1] INFO  o.e.m.c.i.embedder.EclipseLogger - Copying 12 resources
2016-02-11 01:43:52,029 [Worker-1] INFO  o.e.m.c.i.embedder.EclipseLogger - Using 'UTF-8' encoding to copy filtered resources.
2016-02-11 01:43:52,030 [Worker-1] INFO  o.e.m.c.i.embedder.EclipseLogger - skip non existing resourceDirectory C:\Users\Marcos Ribeiro\Desktop\Spring1\cobranca\src\test\resources
2016-02-11 10:40:58,240 [Worker-20] INFO  o.e.m.c.i.embedder.EclipseLogger - Using 'UTF-8' encoding to copy filtered resources.
2016-02-11 10:40:58,313 [Worker-20] INFO  o.e.m.c.i.embedder.EclipseLogger - Copying 0 resource
2016-02-11 10:40:58,314 [Worker-20] INFO  o.e.m.c.i.embedder.EclipseLogger - Copying 0 resource
2016-02-11 10:40:58,387 [Worker-20] INFO  o.e.m.c.i.embedder.EclipseLogger - Using 'UTF-8' encoding to copy filtered resources.
2016-02-11 10:40:58,387 [Worker-20] INFO  o.e.m.c.i.embedder.EclipseLogger - skip non existing resourceDirectory C:\Users\Marcos Ribeiro\Desktop\Spring1\cobranca\src\test\resources
2016-02-11 11:04:42,639 [Worker-33] INFO  o.e.m.c.i.embedder.EclipseLogger - Using 'UTF-8' encoding to copy filtered resources.
2016-02-11 11:04:43,333 [Worker-33] INFO  o.e.m.c.i.embedder.EclipseLogger - Copying 0 resource
2016-02-11 11:04:43,512 [Worker-33] INFO  o.e.m.c.i.embedder.EclipseLogger - Copying 1 resource
2016-02-11 11:04:44,358 [Worker-33] INFO  o.e.m.c.i.embedder.EclipseLogger - Using 'UTF-8' encoding to copy filtered resources.
2016-02-11 11:04:44,391 [Worker-33] INFO  o.e.m.c.i.embedder.EclipseLogger - skip non existing resourceDirectory C:\Users\Marcos Ribeiro\Desktop\Spring1\cobranca\src\test\resources
2016-02-11 11:09:57,158 [Worker-29] INFO  o.e.m.c.i.embedder.EclipseLogger - Using 'UTF-8' encoding to copy filtered resources.
2016-02-11 11:09:57,287 [Worker-29] INFO  o.e.m.c.i.embedder.EclipseLogger - Copying 0 resource
2016-02-11 11:09:57,290 [Worker-29] INFO  o.e.m.c.i.embedder.EclipseLogger - Copying 1 resource
2016-02-11 11:09:57,298 [Worker-29] INFO  o.e.m.c.i.embedder.EclipseLogger - Using 'UTF-8' encoding to copy filtered resources.
2016-02-11 11:09:57,299 [Worker-29] INFO  o.e.m.c.i.embedder.EclipseLogger - skip non existing resourceDirectory C:\Users\Marcos Ribeiro\Desktop\Spring1\cobranca\src\test\resources
2016-02-11 11:18:03,584 [Worker-40] INFO  o.e.m.c.i.embedder.EclipseLogger - Using 'UTF-8' encoding to copy filtered resources.
2016-02-11 11:18:05,742 [Worker-40] INFO  o.e.m.c.i.embedder.EclipseLogger - Copying 1 resource
2016-02-11 11:18:05,852 [Worker-40] INFO  o.e.m.c.i.embedder.EclipseLogger - Copying 12 resources
2016-02-11 11:18:06,034 [Worker-40] INFO  o.e.m.c.i.embedder.EclipseLogger - Using 'UTF-8' encoding to copy filtered resources.
2016-02-11 11:18:06,035 [Worker-40] INFO  o.e.m.c.i.embedder.EclipseLogger - skip non existing resourceDirectory C:\Users\Marcos Ribeiro\Desktop\Spring1\cobranca\src\test\resources
2016-02-11 11:30:50,133 [Worker-42] INFO  o.e.m.c.i.embedder.EclipseLogger - Using 'UTF-8' encoding to copy filtered resources.
2016-02-11 11:30:51,132 [Worker-42] INFO  o.e.m.c.i.embedder.EclipseLogger - Copying 1 resource
2016-02-11 11:30:51,246 [Worker-42] INFO  o.e.m.c.i.embedder.EclipseLogger - Copying 12 resources
2016-02-11 11:30:51,286 [Worker-42] INFO  o.e.m.c.i.embedder.EclipseLogger - Using 'UTF-8' encoding to copy filtered resources.
2016-02-11 11:30:51,287 [Worker-42] INFO  o.e.m.c.i.embedder.EclipseLogger - skip non existing resourceDirectory C:\Users\Marcos Ribeiro\Desktop\Spring1\cobranca\src\test\resources
2016-02-11 11:46:33,772 [Worker-50] INFO  o.e.m.c.i.embedder.EclipseLogger - Using 'UTF-8' encoding to copy filtered resources.
2016-02-11 11:46:34,077 [Worker-50] INFO  o.e.m.c.i.embedder.EclipseLogger - Copying 1 resource
2016-02-11 11:46:34,091 [Worker-50] INFO  o.e.m.c.i.embedder.EclipseLogger - Copying 12 resources
2016-02-11 11:46:34,186 [Worker-50] INFO  o.e.m.c.i.embedder.EclipseLogger - Using 'UTF-8' encoding to copy filtered resources.
2016-02-11 11:46:34,187 [Worker-50] INFO  o.e.m.c.i.embedder.EclipseLogger - skip non existing resourceDirectory C:\Users\Marcos Ribeiro\Desktop\Spring1\cobranca\src\test\resources
2016-02-11 11:48:41,635 [Worker-47] INFO  o.e.m.c.i.embedder.EclipseLogger - Using 'UTF-8' encoding to copy filtered resources.
2016-02-11 11:48:41,651 [Worker-47] INFO  o.e.m.c.i.embedder.EclipseLogger - Copying 1 resource
2016-02-11 11:48:41,665 [Worker-47] INFO  o.e.m.c.i.embedder.EclipseLogger - Copying 12 resources
2016-02-11 11:48:41,688 [Worker-47] INFO  o.e.m.c.i.embedder.EclipseLogger - Using 'UTF-8' encoding to copy filtered resources.
2016-02-11 11:48:41,689 [Worker-47] INFO  o.e.m.c.i.embedder.EclipseLogger - skip non existing resourceDirectory C:\Users\Marcos Ribeiro\Desktop\Spring1\cobranca\src\test\resources
2016-02-11 11:56:09,836 [Worker-56] INFO  o.e.m.c.i.embedder.EclipseLogger - Using 'UTF-8' encoding to copy filtered resources.
2016-02-11 11:56:09,905 [Worker-56] INFO  o.e.m.c.i.embedder.EclipseLogger - Copying 0 resource
2016-02-11 11:56:09,907 [Worker-56] INFO  o.e.m.c.i.embedder.EclipseLogger - Copying 1 resource
2016-02-11 11:56:10,108 [Worker-56] INFO  o.e.m.c.i.embedder.EclipseLogger - Using 'UTF-8' encoding to copy filtered resources.
2016-02-11 11:56:10,110 [Worker-56] INFO  o.e.m.c.i.embedder.EclipseLogger - skip non existing resourceDirectory C:\Users\Marcos Ribeiro\Desktop\Spring1\cobranca\src\test\resources
